Arguments: 
  C:\Program Files\nodejs\node.exe C:\Users\Derick\AppData\Roaming\npm\node_modules\yarn\bin\yarn.js add typescript @types/node ts-node-dev -D

PATH: 
  C:\Python310\Scripts\;C:\Python310\;C:\Program Files (x86)\Razer Chroma SDK\bin;C:\Program Files\Razer Chroma SDK\bin;C:\Program Files (x86)\Common Files\Oracle\Java\javapath;C:\Program Files (x86)\Common Files\Intel\Shared Libraries\redist\intel64_win\compiler;C:\Program Files (x86)\Common Files\Intel\Shared Libraries\redist\ia32_win\compiler;C:\Program Files\Intel\iCLS Client\;C:\Windows\system32;C:\Windows;C:\Windows\System32\Wbem;C:\Windows\System32\WindowsPowerShell\v1.0\;C:\Program Files (x86)\NVIDIA Corporation\PhysX\Common;C:\WINDOWS\system32;C:\WINDOWS;C:\WINDOWS\System32\Wbem;C:\WINDOWS\System32\WindowsPowerShell\v1.0\;C:\WINDOWS\System32\OpenSSH\;C:\Program Files\Microsoft SQL Server\120\Tools\Binn\;C:\Users\model\AppData\Local\Programs\Python\Launcher\;C:\Users\model\AppData\Local\Microsoft\WindowsApps;C:\Users\model\AppData\Local\Programs\Microsoft VS Code\bin;C:\Program Files\NVIDIA Corporation\NVIDIA NvDLISR;C:\WINDOWS\system32;C:\WINDOWS;C:\WINDOWS\System32\Wbem;C:\WINDOWS\System32\WindowsPowerShell\v1.0\;C:\WINDOWS\System32\OpenSSH\;C:\Program Files (x86)\Intel\Intel(R) Management Engine Components\DAL;C:\Program Files\Intel\Intel(R) Management Engine Components\DAL;C:\Program Files\nodejs\;C:\ProgramData\chocolatey\bin;C:\Program Files\Git\cmd;C:\Program Files\dotnet\;C:\Users\Derick\AppData\Local\Microsoft\WindowsApps;C:\Users\Derick\AppData\Roaming\npm;C:\Users\Derick\AppData\Local\Programs\Microsoft VS Code\bin;C:\Program Files\heroku\bin

Yarn version: 
  1.22.18

Node version: 
  16.14.2

Platform: 
  win32 x64

Trace: 
  SyntaxError: C:\Users\Derick\Documents\Projects\nlw-return\server\package.json: Unexpected token } in JSON at position 235
      at JSON.parse (<anonymous>)
      at C:\Users\Derick\AppData\Roaming\npm\node_modules\yarn\lib\cli.js:1625:59
      at Generator.next (<anonymous>)
      at step (C:\Users\Derick\AppData\Roaming\npm\node_modules\yarn\lib\cli.js:310:30)
      at C:\Users\Derick\AppData\Roaming\npm\node_modules\yarn\lib\cli.js:321:13

npm manifest: 
  {
    "name": "server",
    "version": "1.0.0",
    "description": "",
    "main": "index.js",
    "license": "ISC",
    "scripts": {
      "test": "echo \"Error: no test specified \" && exit 1 "
    },
    "keywords": [],
    "author": "Derickson Loss",
  }

yarn manifest: 
  No manifest

Lockfile: 
  No lockfile
